04-30 11:55:53 com_github_MitjaNemec_PlaceFootprints.action_place_footprints 405:Plugin executed on: 'linux'
04-30 11:55:53 com_github_MitjaNemec_PlaceFootprints.action_place_footprints 406:Plugin executed with python version: '3.10.6 (main, Mar 10 2023, 10:55:28) [GCC 11.3.0]'
04-30 11:55:53 com_github_MitjaNemec_PlaceFootprints.action_place_footprints 407:KiCad build version: 7.0.2-6a45011f42~172~ubuntu22.04.1
04-30 11:55:53 com_github_MitjaNemec_PlaceFootprints.action_place_footprints 408:Plugin version: 2.0.3
04-30 11:55:53 com_github_MitjaNemec_PlaceFootprints.action_place_footprints 409:Frame repr: <wx._core.Frame object at 0x7ff0ebe1bb50>
04-30 11:55:53 com_github_MitjaNemec_PlaceFootprints.place_footprints 121:getting a list of all footprints on board
04-30 11:55:53 com_github_MitjaNemec_PlaceFootprints.place_footprints 156:Footprint D20 on root level
04-30 11:55:53 com_github_MitjaNemec_PlaceFootprints.place_footprints 156:Footprint D19 on root level
04-30 11:55:53 com_github_MitjaNemec_PlaceFootprints.place_footprints 156:Footprint D18 on root level
04-30 11:55:53 com_github_MitjaNemec_PlaceFootprints.place_footprints 156:Footprint D17 on root level
04-30 11:55:53 com_github_MitjaNemec_PlaceFootprints.place_footprints 156:Footprint D16 on root level
04-30 11:55:53 com_github_MitjaNemec_PlaceFootprints.place_footprints 156:Footprint D15 on root level
04-30 11:55:53 com_github_MitjaNemec_PlaceFootprints.place_footprints 156:Footprint D14 on root level
04-30 11:55:53 com_github_MitjaNemec_PlaceFootprints.place_footprints 156:Footprint D13 on root level
04-30 11:55:53 com_github_MitjaNemec_PlaceFootprints.place_footprints 156:Footprint D12 on root level
04-30 11:55:53 com_github_MitjaNemec_PlaceFootprints.place_footprints 156:Footprint D11 on root level
04-30 11:55:53 com_github_MitjaNemec_PlaceFootprints.place_footprints 156:Footprint D10 on root level
04-30 11:55:53 com_github_MitjaNemec_PlaceFootprints.place_footprints 156:Footprint D9 on root level
04-30 11:55:53 com_github_MitjaNemec_PlaceFootprints.place_footprints 156:Footprint D8 on root level
04-30 11:55:53 com_github_MitjaNemec_PlaceFootprints.place_footprints 156:Footprint D7 on root level
04-30 11:55:53 com_github_MitjaNemec_PlaceFootprints.place_footprints 156:Footprint D6 on root level
04-30 11:55:53 com_github_MitjaNemec_PlaceFootprints.place_footprints 156:Footprint D5 on root level
04-30 11:55:53 com_github_MitjaNemec_PlaceFootprints.place_footprints 156:Footprint D4 on root level
04-30 11:55:53 com_github_MitjaNemec_PlaceFootprints.place_footprints 156:Footprint D3 on root level
04-30 11:55:53 com_github_MitjaNemec_PlaceFootprints.place_footprints 156:Footprint D2 on root level
04-30 11:55:53 com_github_MitjaNemec_PlaceFootprints.place_footprints 156:Footprint D1 on root level
04-30 11:55:53 com_github_MitjaNemec_PlaceFootprints.place_footprints 156:Footprint C20 on root level
04-30 11:55:53 com_github_MitjaNemec_PlaceFootprints.place_footprints 156:Footprint C19 on root level
04-30 11:55:53 com_github_MitjaNemec_PlaceFootprints.place_footprints 156:Footprint C18 on root level
04-30 11:55:53 com_github_MitjaNemec_PlaceFootprints.place_footprints 156:Footprint C17 on root level
04-30 11:55:53 com_github_MitjaNemec_PlaceFootprints.place_footprints 156:Footprint C16 on root level
04-30 11:55:53 com_github_MitjaNemec_PlaceFootprints.place_footprints 156:Footprint C15 on root level
04-30 11:55:53 com_github_MitjaNemec_PlaceFootprints.place_footprints 156:Footprint C14 on root level
04-30 11:55:53 com_github_MitjaNemec_PlaceFootprints.place_footprints 156:Footprint C13 on root level
04-30 11:55:53 com_github_MitjaNemec_PlaceFootprints.place_footprints 156:Footprint C12 on root level
04-30 11:55:53 com_github_MitjaNemec_PlaceFootprints.place_footprints 156:Footprint C11 on root level
04-30 11:55:53 com_github_MitjaNemec_PlaceFootprints.place_footprints 156:Footprint C10 on root level
04-30 11:55:53 com_github_MitjaNemec_PlaceFootprints.place_footprints 156:Footprint C9 on root level
04-30 11:55:53 com_github_MitjaNemec_PlaceFootprints.place_footprints 156:Footprint C8 on root level
04-30 11:55:53 com_github_MitjaNemec_PlaceFootprints.place_footprints 156:Footprint C7 on root level
04-30 11:55:53 com_github_MitjaNemec_PlaceFootprints.place_footprints 156:Footprint C6 on root level
04-30 11:55:53 com_github_MitjaNemec_PlaceFootprints.place_footprints 156:Footprint C5 on root level
04-30 11:55:53 com_github_MitjaNemec_PlaceFootprints.place_footprints 156:Footprint C4 on root level
04-30 11:55:53 com_github_MitjaNemec_PlaceFootprints.place_footprints 156:Footprint C3 on root level
04-30 11:55:53 com_github_MitjaNemec_PlaceFootprints.place_footprints 156:Footprint C2 on root level
04-30 11:55:53 com_github_MitjaNemec_PlaceFootprints.place_footprints 156:Footprint C1 on root level
04-30 11:55:54 com_github_MitjaNemec_PlaceFootprints.action_place_footprints 588:Reference designator is: C
04-30 11:55:54 com_github_MitjaNemec_PlaceFootprints.action_place_footprints 589:Reference number is: 1
04-30 11:55:54 com_github_MitjaNemec_PlaceFootprints.action_place_footprints 621:Sorted and filtered list:
['C1', 'C2', 'C3', 'C4', 'C5', 'C6', 'C7', 'C8', 'C9', 'C10', 'C11', 'C12', 'C13', 'C14', 'C15', 'C16', 'C17', 'C18', 'C19', 'C20']
04-30 11:56:00 com_github_MitjaNemec_PlaceFootprints.action_place_footprints 659:Footprints to place:
['C1', 'C2', 'C3', 'C4', 'C5', 'C6', 'C7', 'C8', 'C9', 'C10', 'C11', 'C12', 'C13', 'C14', 'C15', 'C16', 'C17', 'C18', 'C19', 'C20']
04-30 11:56:00 com_github_MitjaNemec_PlaceFootprints.place_footprints 330:Starting placing with circular layout
04-30 11:56:00 com_github_MitjaNemec_PlaceFootprints.place_footprints 340:reference footprint position at: VECTOR2I(99920000, 81100000)
04-30 11:56:00 com_github_MitjaNemec_PlaceFootprints.place_footprints 345:rotation center at: (99920000, 100100000.0)
04-30 11:56:00 com_github_MitjaNemec_PlaceFootprints.place_footprints 450:Text of: C1 has property "Keep upright" rotation might not look as intended
04-30 11:56:00 com_github_MitjaNemec_PlaceFootprints.place_footprints 450:Text of: C1 has property "Keep upright" rotation might not look as intended
04-30 11:56:00 com_github_MitjaNemec_PlaceFootprints.place_footprints 450:Text of: C1 has property "Keep upright" rotation might not look as intended
04-30 11:56:00 com_github_MitjaNemec_PlaceFootprints.place_footprints 450:Text of: C1 has property "Keep upright" rotation might not look as intended
04-30 11:56:00 com_github_MitjaNemec_PlaceFootprints.place_footprints 450:Text of: C1 has property "Keep upright" rotation might not look as intended
04-30 11:56:00 com_github_MitjaNemec_PlaceFootprints.place_footprints 450:Text of: C1 has property "Keep upright" rotation might not look as intended
04-30 11:56:00 com_github_MitjaNemec_PlaceFootprints.place_footprints 450:Text of: C1 has property "Keep upright" rotation might not look as intended
04-30 11:56:00 com_github_MitjaNemec_PlaceFootprints.place_footprints 450:Text of: C1 has property "Keep upright" rotation might not look as intended
04-30 11:56:00 com_github_MitjaNemec_PlaceFootprints.place_footprints 450:Text of: C1 has property "Keep upright" rotation might not look as intended
04-30 11:56:00 com_github_MitjaNemec_PlaceFootprints.place_footprints 450:Text of: C1 has property "Keep upright" rotation might not look as intended
04-30 11:56:00 com_github_MitjaNemec_PlaceFootprints.place_footprints 450:Text of: C1 has property "Keep upright" rotation might not look as intended
04-30 11:56:00 com_github_MitjaNemec_PlaceFootprints.place_footprints 450:Text of: C1 has property "Keep upright" rotation might not look as intended
04-30 11:56:00 com_github_MitjaNemec_PlaceFootprints.place_footprints 450:Text of: C1 has property "Keep upright" rotation might not look as intended
04-30 11:56:00 com_github_MitjaNemec_PlaceFootprints.place_footprints 450:Text of: C1 has property "Keep upright" rotation might not look as intended
04-30 11:56:00 com_github_MitjaNemec_PlaceFootprints.place_footprints 450:Text of: C1 has property "Keep upright" rotation might not look as intended
04-30 11:56:00 com_github_MitjaNemec_PlaceFootprints.place_footprints 450:Text of: C1 has property "Keep upright" rotation might not look as intended
04-30 11:56:00 com_github_MitjaNemec_PlaceFootprints.place_footprints 450:Text of: C1 has property "Keep upright" rotation might not look as intended
04-30 11:56:00 com_github_MitjaNemec_PlaceFootprints.place_footprints 450:Text of: C1 has property "Keep upright" rotation might not look as intended
04-30 11:56:00 com_github_MitjaNemec_PlaceFootprints.place_footprints 450:Text of: C1 has property "Keep upright" rotation might not look as intended
04-30 11:56:00 com_github_MitjaNemec_PlaceFootprints.place_footprints 450:Text of: C1 has property "Keep upright" rotation might not look as intended
04-30 11:56:00 com_github_MitjaNemec_PlaceFootprints.place_footprints 450:Text of: C1 has property "Keep upright" rotation might not look as intended
04-30 11:56:00 com_github_MitjaNemec_PlaceFootprints.place_footprints 450:Text of: C1 has property "Keep upright" rotation might not look as intended
04-30 11:56:00 com_github_MitjaNemec_PlaceFootprints.place_footprints 450:Text of: C1 has property "Keep upright" rotation might not look as intended
04-30 11:56:00 com_github_MitjaNemec_PlaceFootprints.place_footprints 450:Text of: C1 has property "Keep upright" rotation might not look as intended
04-30 11:56:00 com_github_MitjaNemec_PlaceFootprints.place_footprints 450:Text of: C1 has property "Keep upright" rotation might not look as intended
04-30 11:56:00 com_github_MitjaNemec_PlaceFootprints.place_footprints 450:Text of: C1 has property "Keep upright" rotation might not look as intended
04-30 11:56:00 com_github_MitjaNemec_PlaceFootprints.place_footprints 450:Text of: C1 has property "Keep upright" rotation might not look as intended
04-30 11:56:00 com_github_MitjaNemec_PlaceFootprints.place_footprints 450:Text of: C1 has property "Keep upright" rotation might not look as intended
04-30 11:56:00 com_github_MitjaNemec_PlaceFootprints.place_footprints 450:Text of: C1 has property "Keep upright" rotation might not look as intended
04-30 11:56:00 com_github_MitjaNemec_PlaceFootprints.place_footprints 450:Text of: C1 has property "Keep upright" rotation might not look as intended
04-30 11:56:00 com_github_MitjaNemec_PlaceFootprints.place_footprints 450:Text of: C1 has property "Keep upright" rotation might not look as intended
04-30 11:56:00 com_github_MitjaNemec_PlaceFootprints.place_footprints 450:Text of: C1 has property "Keep upright" rotation might not look as intended
04-30 11:56:00 com_github_MitjaNemec_PlaceFootprints.place_footprints 450:Text of: C1 has property "Keep upright" rotation might not look as intended
04-30 11:56:00 com_github_MitjaNemec_PlaceFootprints.place_footprints 450:Text of: C1 has property "Keep upright" rotation might not look as intended
04-30 11:56:00 com_github_MitjaNemec_PlaceFootprints.place_footprints 450:Text of: C1 has property "Keep upright" rotation might not look as intended
04-30 11:56:00 com_github_MitjaNemec_PlaceFootprints.place_footprints 450:Text of: C1 has property "Keep upright" rotation might not look as intended
04-30 11:56:00 com_github_MitjaNemec_PlaceFootprints.place_footprints 450:Text of: C1 has property "Keep upright" rotation might not look as intended
04-30 11:56:00 com_github_MitjaNemec_PlaceFootprints.place_footprints 450:Text of: C1 has property "Keep upright" rotation might not look as intended
04-30 11:56:00 com_github_MitjaNemec_PlaceFootprints.place_footprints 450:Text of: C1 has property "Keep upright" rotation might not look as intended
04-30 11:56:00 com_github_MitjaNemec_PlaceFootprints.place_footprints 450:Text of: C1 has property "Keep upright" rotation might not look as intended
04-30 11:56:00 com_github_MitjaNemec_PlaceFootprints.place_footprints 450:Text of: C1 has property "Keep upright" rotation might not look as intended
04-30 11:56:00 com_github_MitjaNemec_PlaceFootprints.place_footprints 450:Text of: C1 has property "Keep upright" rotation might not look as intended
04-30 11:56:00 com_github_MitjaNemec_PlaceFootprints.place_footprints 450:Text of: C1 has property "Keep upright" rotation might not look as intended
04-30 11:56:00 com_github_MitjaNemec_PlaceFootprints.place_footprints 450:Text of: C1 has property "Keep upright" rotation might not look as intended
04-30 11:56:00 com_github_MitjaNemec_PlaceFootprints.place_footprints 450:Text of: C1 has property "Keep upright" rotation might not look as intended
04-30 11:56:00 com_github_MitjaNemec_PlaceFootprints.place_footprints 450:Text of: C1 has property "Keep upright" rotation might not look as intended
04-30 11:56:00 com_github_MitjaNemec_PlaceFootprints.place_footprints 450:Text of: C1 has property "Keep upright" rotation might not look as intended
04-30 11:56:00 com_github_MitjaNemec_PlaceFootprints.place_footprints 450:Text of: C1 has property "Keep upright" rotation might not look as intended
04-30 11:56:00 com_github_MitjaNemec_PlaceFootprints.place_footprints 450:Text of: C1 has property "Keep upright" rotation might not look as intended
04-30 11:56:00 com_github_MitjaNemec_PlaceFootprints.place_footprints 450:Text of: C1 has property "Keep upright" rotation might not look as intended
04-30 11:56:00 com_github_MitjaNemec_PlaceFootprints.place_footprints 450:Text of: C1 has property "Keep upright" rotation might not look as intended
04-30 11:56:00 com_github_MitjaNemec_PlaceFootprints.place_footprints 450:Text of: C1 has property "Keep upright" rotation might not look as intended
04-30 11:56:00 com_github_MitjaNemec_PlaceFootprints.place_footprints 450:Text of: C1 has property "Keep upright" rotation might not look as intended
04-30 11:56:00 com_github_MitjaNemec_PlaceFootprints.place_footprints 450:Text of: C1 has property "Keep upright" rotation might not look as intended
04-30 11:56:00 com_github_MitjaNemec_PlaceFootprints.place_footprints 450:Text of: C1 has property "Keep upright" rotation might not look as intended
04-30 11:56:00 com_github_MitjaNemec_PlaceFootprints.place_footprints 450:Text of: C1 has property "Keep upright" rotation might not look as intended
04-30 11:56:00 com_github_MitjaNemec_PlaceFootprints.place_footprints 450:Text of: C1 has property "Keep upright" rotation might not look as intended
04-30 11:56:00 com_github_MitjaNemec_PlaceFootprints.action_place_footprints 674:Placing complete
