05-13 09:39:12 com_github_MitjaNemec_PlaceFootprints.action_place_footprints 405:Plugin executed on: 'linux'
05-13 09:39:12 com_github_MitjaNemec_PlaceFootprints.action_place_footprints 406:Plugin executed with python version: '3.10.6 (main, Mar 10 2023, 10:55:28) [GCC 11.3.0]'
05-13 09:39:12 com_github_MitjaNemec_PlaceFootprints.action_place_footprints 407:KiCad build version: 7.0.2-6a45011f42~172~ubuntu22.04.1
05-13 09:39:12 com_github_MitjaNemec_PlaceFootprints.action_place_footprints 408:Plugin version: 2.0.3
05-13 09:39:12 com_github_MitjaNemec_PlaceFootprints.action_place_footprints 409:Frame repr: <wx._core.Frame object at 0x7f49e9061ab0>
05-13 09:39:12 com_github_MitjaNemec_PlaceFootprints.place_footprints 121:getting a list of all footprints on board
05-13 09:39:12 com_github_MitjaNemec_PlaceFootprints.place_footprints 156:Footprint C25 on root level
05-13 09:39:12 com_github_MitjaNemec_PlaceFootprints.place_footprints 156:Footprint C21 on root level
05-13 09:39:12 com_github_MitjaNemec_PlaceFootprints.place_footprints 156:Footprint R2 on root level
05-13 09:39:12 com_github_MitjaNemec_PlaceFootprints.place_footprints 156:Footprint R1 on root level
05-13 09:39:12 com_github_MitjaNemec_PlaceFootprints.place_footprints 156:Footprint J2 on root level
05-13 09:39:12 com_github_MitjaNemec_PlaceFootprints.place_footprints 156:Footprint J1 on root level
05-13 09:39:12 com_github_MitjaNemec_PlaceFootprints.place_footprints 156:Footprint D24 on root level
05-13 09:39:12 com_github_MitjaNemec_PlaceFootprints.place_footprints 156:Footprint D23 on root level
05-13 09:39:12 com_github_MitjaNemec_PlaceFootprints.place_footprints 156:Footprint D22 on root level
05-13 09:39:12 com_github_MitjaNemec_PlaceFootprints.place_footprints 156:Footprint D21 on root level
05-13 09:39:12 com_github_MitjaNemec_PlaceFootprints.place_footprints 156:Footprint D20 on root level
05-13 09:39:12 com_github_MitjaNemec_PlaceFootprints.place_footprints 156:Footprint D19 on root level
05-13 09:39:12 com_github_MitjaNemec_PlaceFootprints.place_footprints 156:Footprint D18 on root level
05-13 09:39:12 com_github_MitjaNemec_PlaceFootprints.place_footprints 156:Footprint D17 on root level
05-13 09:39:12 com_github_MitjaNemec_PlaceFootprints.place_footprints 156:Footprint D16 on root level
05-13 09:39:12 com_github_MitjaNemec_PlaceFootprints.place_footprints 156:Footprint D15 on root level
05-13 09:39:12 com_github_MitjaNemec_PlaceFootprints.place_footprints 156:Footprint D14 on root level
05-13 09:39:12 com_github_MitjaNemec_PlaceFootprints.place_footprints 156:Footprint D13 on root level
05-13 09:39:12 com_github_MitjaNemec_PlaceFootprints.place_footprints 156:Footprint D12 on root level
05-13 09:39:12 com_github_MitjaNemec_PlaceFootprints.place_footprints 156:Footprint D11 on root level
05-13 09:39:12 com_github_MitjaNemec_PlaceFootprints.place_footprints 156:Footprint D10 on root level
05-13 09:39:12 com_github_MitjaNemec_PlaceFootprints.place_footprints 156:Footprint D9 on root level
05-13 09:39:12 com_github_MitjaNemec_PlaceFootprints.place_footprints 156:Footprint D8 on root level
05-13 09:39:12 com_github_MitjaNemec_PlaceFootprints.place_footprints 156:Footprint D7 on root level
05-13 09:39:12 com_github_MitjaNemec_PlaceFootprints.place_footprints 156:Footprint D6 on root level
05-13 09:39:12 com_github_MitjaNemec_PlaceFootprints.place_footprints 156:Footprint D5 on root level
05-13 09:39:12 com_github_MitjaNemec_PlaceFootprints.place_footprints 156:Footprint D4 on root level
05-13 09:39:12 com_github_MitjaNemec_PlaceFootprints.place_footprints 156:Footprint D3 on root level
05-13 09:39:12 com_github_MitjaNemec_PlaceFootprints.place_footprints 156:Footprint D2 on root level
05-13 09:39:12 com_github_MitjaNemec_PlaceFootprints.place_footprints 156:Footprint D1 on root level
05-13 09:39:12 com_github_MitjaNemec_PlaceFootprints.place_footprints 156:Footprint C24 on root level
05-13 09:39:12 com_github_MitjaNemec_PlaceFootprints.place_footprints 156:Footprint C23 on root level
05-13 09:39:12 com_github_MitjaNemec_PlaceFootprints.place_footprints 156:Footprint C22 on root level
05-13 09:39:12 com_github_MitjaNemec_PlaceFootprints.place_footprints 156:Footprint C20 on root level
05-13 09:39:12 com_github_MitjaNemec_PlaceFootprints.place_footprints 156:Footprint C19 on root level
05-13 09:39:12 com_github_MitjaNemec_PlaceFootprints.place_footprints 156:Footprint C18 on root level
05-13 09:39:12 com_github_MitjaNemec_PlaceFootprints.place_footprints 156:Footprint C17 on root level
05-13 09:39:12 com_github_MitjaNemec_PlaceFootprints.place_footprints 156:Footprint C16 on root level
05-13 09:39:12 com_github_MitjaNemec_PlaceFootprints.place_footprints 156:Footprint C15 on root level
05-13 09:39:12 com_github_MitjaNemec_PlaceFootprints.place_footprints 156:Footprint C14 on root level
05-13 09:39:12 com_github_MitjaNemec_PlaceFootprints.place_footprints 156:Footprint C13 on root level
05-13 09:39:12 com_github_MitjaNemec_PlaceFootprints.place_footprints 156:Footprint C12 on root level
05-13 09:39:12 com_github_MitjaNemec_PlaceFootprints.place_footprints 156:Footprint C11 on root level
05-13 09:39:12 com_github_MitjaNemec_PlaceFootprints.place_footprints 156:Footprint C10 on root level
05-13 09:39:12 com_github_MitjaNemec_PlaceFootprints.place_footprints 156:Footprint C9 on root level
05-13 09:39:12 com_github_MitjaNemec_PlaceFootprints.place_footprints 156:Footprint C8 on root level
05-13 09:39:12 com_github_MitjaNemec_PlaceFootprints.place_footprints 156:Footprint C7 on root level
05-13 09:39:12 com_github_MitjaNemec_PlaceFootprints.place_footprints 156:Footprint C6 on root level
05-13 09:39:12 com_github_MitjaNemec_PlaceFootprints.place_footprints 156:Footprint C5 on root level
05-13 09:39:12 com_github_MitjaNemec_PlaceFootprints.place_footprints 156:Footprint C4 on root level
05-13 09:39:12 com_github_MitjaNemec_PlaceFootprints.place_footprints 156:Footprint C3 on root level
05-13 09:39:12 com_github_MitjaNemec_PlaceFootprints.place_footprints 156:Footprint C2 on root level
05-13 09:39:12 com_github_MitjaNemec_PlaceFootprints.place_footprints 156:Footprint C1 on root level
05-13 09:39:15 com_github_MitjaNemec_PlaceFootprints.action_place_footprints 588:Reference designator is: C
05-13 09:39:15 com_github_MitjaNemec_PlaceFootprints.action_place_footprints 589:Reference number is: 1
05-13 09:39:15 com_github_MitjaNemec_PlaceFootprints.action_place_footprints 621:Sorted and filtered list:
['C1', 'C2', 'C3', 'C4', 'C5', 'C6', 'C7', 'C8', 'C9', 'C10', 'C11', 'C12', 'C13', 'C14', 'C15', 'C16', 'C17', 'C18', 'C19', 'C20', 'C21', 'C22', 'C23', 'C24', 'C25']
05-13 09:39:29 com_github_MitjaNemec_PlaceFootprints.action_place_footprints 659:Footprints to place:
['C1', 'C2', 'C3', 'C4', 'C5', 'C6', 'C7', 'C8', 'C9', 'C10', 'C11', 'C12', 'C13', 'C14', 'C15', 'C16', 'C17', 'C18', 'C19', 'C20', 'C21', 'C22', 'C23', 'C24']
05-13 09:39:29 com_github_MitjaNemec_PlaceFootprints.place_footprints 330:Starting placing with circular layout
05-13 09:39:29 com_github_MitjaNemec_PlaceFootprints.place_footprints 340:reference footprint position at: VECTOR2I(151420000, 68500000)
05-13 09:39:29 com_github_MitjaNemec_PlaceFootprints.place_footprints 345:rotation center at: (151420000, 92475000.0)
05-13 09:39:29 com_github_MitjaNemec_PlaceFootprints.place_footprints 450:Text of: C1 has property "Keep upright" rotation might not look as intended
05-13 09:39:29 com_github_MitjaNemec_PlaceFootprints.place_footprints 450:Text of: C1 has property "Keep upright" rotation might not look as intended
05-13 09:39:29 com_github_MitjaNemec_PlaceFootprints.place_footprints 450:Text of: C1 has property "Keep upright" rotation might not look as intended
05-13 09:39:29 com_github_MitjaNemec_PlaceFootprints.place_footprints 450:Text of: C1 has property "Keep upright" rotation might not look as intended
05-13 09:39:29 com_github_MitjaNemec_PlaceFootprints.place_footprints 450:Text of: C1 has property "Keep upright" rotation might not look as intended
05-13 09:39:29 com_github_MitjaNemec_PlaceFootprints.place_footprints 450:Text of: C1 has property "Keep upright" rotation might not look as intended
05-13 09:39:29 com_github_MitjaNemec_PlaceFootprints.place_footprints 450:Text of: C1 has property "Keep upright" rotation might not look as intended
05-13 09:39:29 com_github_MitjaNemec_PlaceFootprints.place_footprints 450:Text of: C1 has property "Keep upright" rotation might not look as intended
05-13 09:39:29 com_github_MitjaNemec_PlaceFootprints.place_footprints 450:Text of: C1 has property "Keep upright" rotation might not look as intended
05-13 09:39:29 com_github_MitjaNemec_PlaceFootprints.place_footprints 450:Text of: C1 has property "Keep upright" rotation might not look as intended
05-13 09:39:29 com_github_MitjaNemec_PlaceFootprints.place_footprints 450:Text of: C1 has property "Keep upright" rotation might not look as intended
05-13 09:39:29 com_github_MitjaNemec_PlaceFootprints.place_footprints 450:Text of: C1 has property "Keep upright" rotation might not look as intended
05-13 09:39:29 com_github_MitjaNemec_PlaceFootprints.place_footprints 450:Text of: C1 has property "Keep upright" rotation might not look as intended
05-13 09:39:29 com_github_MitjaNemec_PlaceFootprints.place_footprints 450:Text of: C1 has property "Keep upright" rotation might not look as intended
05-13 09:39:29 com_github_MitjaNemec_PlaceFootprints.place_footprints 450:Text of: C1 has property "Keep upright" rotation might not look as intended
05-13 09:39:29 com_github_MitjaNemec_PlaceFootprints.place_footprints 450:Text of: C1 has property "Keep upright" rotation might not look as intended
05-13 09:39:29 com_github_MitjaNemec_PlaceFootprints.place_footprints 450:Text of: C1 has property "Keep upright" rotation might not look as intended
05-13 09:39:29 com_github_MitjaNemec_PlaceFootprints.place_footprints 450:Text of: C1 has property "Keep upright" rotation might not look as intended
05-13 09:39:29 com_github_MitjaNemec_PlaceFootprints.place_footprints 450:Text of: C1 has property "Keep upright" rotation might not look as intended
05-13 09:39:29 com_github_MitjaNemec_PlaceFootprints.place_footprints 450:Text of: C1 has property "Keep upright" rotation might not look as intended
05-13 09:39:29 com_github_MitjaNemec_PlaceFootprints.place_footprints 450:Text of: C1 has property "Keep upright" rotation might not look as intended
05-13 09:39:29 com_github_MitjaNemec_PlaceFootprints.place_footprints 450:Text of: C1 has property "Keep upright" rotation might not look as intended
05-13 09:39:29 com_github_MitjaNemec_PlaceFootprints.place_footprints 450:Text of: C1 has property "Keep upright" rotation might not look as intended
05-13 09:39:29 com_github_MitjaNemec_PlaceFootprints.place_footprints 450:Text of: C1 has property "Keep upright" rotation might not look as intended
05-13 09:39:29 com_github_MitjaNemec_PlaceFootprints.place_footprints 450:Text of: C1 has property "Keep upright" rotation might not look as intended
05-13 09:39:29 com_github_MitjaNemec_PlaceFootprints.place_footprints 450:Text of: C1 has property "Keep upright" rotation might not look as intended
05-13 09:39:29 com_github_MitjaNemec_PlaceFootprints.place_footprints 450:Text of: C1 has property "Keep upright" rotation might not look as intended
05-13 09:39:29 com_github_MitjaNemec_PlaceFootprints.place_footprints 450:Text of: C1 has property "Keep upright" rotation might not look as intended
05-13 09:39:29 com_github_MitjaNemec_PlaceFootprints.place_footprints 450:Text of: C1 has property "Keep upright" rotation might not look as intended
05-13 09:39:29 com_github_MitjaNemec_PlaceFootprints.place_footprints 450:Text of: C1 has property "Keep upright" rotation might not look as intended
05-13 09:39:29 com_github_MitjaNemec_PlaceFootprints.place_footprints 450:Text of: C1 has property "Keep upright" rotation might not look as intended
05-13 09:39:29 com_github_MitjaNemec_PlaceFootprints.place_footprints 450:Text of: C1 has property "Keep upright" rotation might not look as intended
05-13 09:39:29 com_github_MitjaNemec_PlaceFootprints.place_footprints 450:Text of: C1 has property "Keep upright" rotation might not look as intended
05-13 09:39:29 com_github_MitjaNemec_PlaceFootprints.place_footprints 450:Text of: C1 has property "Keep upright" rotation might not look as intended
05-13 09:39:29 com_github_MitjaNemec_PlaceFootprints.place_footprints 450:Text of: C1 has property "Keep upright" rotation might not look as intended
05-13 09:39:29 com_github_MitjaNemec_PlaceFootprints.place_footprints 450:Text of: C1 has property "Keep upright" rotation might not look as intended
05-13 09:39:29 com_github_MitjaNemec_PlaceFootprints.place_footprints 450:Text of: C1 has property "Keep upright" rotation might not look as intended
05-13 09:39:29 com_github_MitjaNemec_PlaceFootprints.place_footprints 450:Text of: C1 has property "Keep upright" rotation might not look as intended
05-13 09:39:29 com_github_MitjaNemec_PlaceFootprints.place_footprints 450:Text of: C1 has property "Keep upright" rotation might not look as intended
05-13 09:39:29 com_github_MitjaNemec_PlaceFootprints.place_footprints 450:Text of: C1 has property "Keep upright" rotation might not look as intended
05-13 09:39:29 com_github_MitjaNemec_PlaceFootprints.place_footprints 450:Text of: C1 has property "Keep upright" rotation might not look as intended
05-13 09:39:29 com_github_MitjaNemec_PlaceFootprints.place_footprints 450:Text of: C1 has property "Keep upright" rotation might not look as intended
05-13 09:39:29 com_github_MitjaNemec_PlaceFootprints.place_footprints 450:Text of: C1 has property "Keep upright" rotation might not look as intended
05-13 09:39:29 com_github_MitjaNemec_PlaceFootprints.place_footprints 450:Text of: C1 has property "Keep upright" rotation might not look as intended
05-13 09:39:29 com_github_MitjaNemec_PlaceFootprints.place_footprints 450:Text of: C1 has property "Keep upright" rotation might not look as intended
05-13 09:39:29 com_github_MitjaNemec_PlaceFootprints.place_footprints 450:Text of: C1 has property "Keep upright" rotation might not look as intended
05-13 09:39:29 com_github_MitjaNemec_PlaceFootprints.place_footprints 450:Text of: C1 has property "Keep upright" rotation might not look as intended
05-13 09:39:29 com_github_MitjaNemec_PlaceFootprints.place_footprints 450:Text of: C1 has property "Keep upright" rotation might not look as intended
05-13 09:39:29 com_github_MitjaNemec_PlaceFootprints.place_footprints 450:Text of: C1 has property "Keep upright" rotation might not look as intended
05-13 09:39:29 com_github_MitjaNemec_PlaceFootprints.place_footprints 450:Text of: C1 has property "Keep upright" rotation might not look as intended
05-13 09:39:29 com_github_MitjaNemec_PlaceFootprints.place_footprints 450:Text of: C1 has property "Keep upright" rotation might not look as intended
05-13 09:39:29 com_github_MitjaNemec_PlaceFootprints.place_footprints 450:Text of: C1 has property "Keep upright" rotation might not look as intended
05-13 09:39:29 com_github_MitjaNemec_PlaceFootprints.place_footprints 450:Text of: C1 has property "Keep upright" rotation might not look as intended
05-13 09:39:29 com_github_MitjaNemec_PlaceFootprints.place_footprints 450:Text of: C1 has property "Keep upright" rotation might not look as intended
05-13 09:39:29 com_github_MitjaNemec_PlaceFootprints.place_footprints 450:Text of: C1 has property "Keep upright" rotation might not look as intended
05-13 09:39:29 com_github_MitjaNemec_PlaceFootprints.place_footprints 450:Text of: C1 has property "Keep upright" rotation might not look as intended
05-13 09:39:29 com_github_MitjaNemec_PlaceFootprints.place_footprints 450:Text of: C1 has property "Keep upright" rotation might not look as intended
05-13 09:39:29 com_github_MitjaNemec_PlaceFootprints.place_footprints 450:Text of: C1 has property "Keep upright" rotation might not look as intended
05-13 09:39:29 com_github_MitjaNemec_PlaceFootprints.place_footprints 450:Text of: C1 has property "Keep upright" rotation might not look as intended
05-13 09:39:29 com_github_MitjaNemec_PlaceFootprints.place_footprints 450:Text of: C1 has property "Keep upright" rotation might not look as intended
05-13 09:39:29 com_github_MitjaNemec_PlaceFootprints.place_footprints 450:Text of: C1 has property "Keep upright" rotation might not look as intended
05-13 09:39:29 com_github_MitjaNemec_PlaceFootprints.place_footprints 450:Text of: C1 has property "Keep upright" rotation might not look as intended
05-13 09:39:29 com_github_MitjaNemec_PlaceFootprints.place_footprints 450:Text of: C1 has property "Keep upright" rotation might not look as intended
05-13 09:39:29 com_github_MitjaNemec_PlaceFootprints.place_footprints 450:Text of: C1 has property "Keep upright" rotation might not look as intended
05-13 09:39:29 com_github_MitjaNemec_PlaceFootprints.place_footprints 450:Text of: C1 has property "Keep upright" rotation might not look as intended
05-13 09:39:29 com_github_MitjaNemec_PlaceFootprints.place_footprints 450:Text of: C1 has property "Keep upright" rotation might not look as intended
05-13 09:39:29 com_github_MitjaNemec_PlaceFootprints.place_footprints 450:Text of: C1 has property "Keep upright" rotation might not look as intended
05-13 09:39:29 com_github_MitjaNemec_PlaceFootprints.place_footprints 450:Text of: C1 has property "Keep upright" rotation might not look as intended
05-13 09:39:29 com_github_MitjaNemec_PlaceFootprints.place_footprints 450:Text of: C1 has property "Keep upright" rotation might not look as intended
05-13 09:39:29 com_github_MitjaNemec_PlaceFootprints.action_place_footprints 674:Placing complete
